Running: /opt/Xilinx/14.7/ISE_DS/ISE/bin/lin64/unwrapped/fuse -intstyle ise -incremental -lib unisims_ver -lib unimacro_ver -lib xilinxcorelib_ver -lib secureip -o /home/yzy/ise/lamp/LampCtrl_LampCtrl_sch_tb_isim_beh.exe -prj /home/yzy/ise/lamp/LampCtrl_LampCtrl_sch_tb_beh.prj work.LampCtrl_LampCtrl_sch_tb work.glbl 
ISim P.20131013 (signature 0xfbc00daa)
Number of CPUs detected in this system: 8
Turning on mult-threading, number of parallel sub-compilation jobs: 16 
Determining compilation order of HDL files
Analyzing Verilog file "/home/yzy/ise/lamp/LampCtrl.vf" into library work
Analyzing Verilog file "/home/yzy/ise/lamp/LampCtrl_sim.v" into library work
Analyzing Verilog file "/opt/Xilinx/14.7/ISE_DS/ISE//verilog/src/glbl.v" into library work
Starting static elaboration
Completed static elaboration
Fuse Memory Usage: 94472 KB
Fuse CPU Usage: 940 ms
Compiling module AND3
Compiling module INV
Compiling module OR4
Compiling module LampCtrl
Compiling module LampCtrl_LampCtrl_sch_tb
Compiling module glbl
Time Resolution for simulation is 1ps.
Waiting for 1 sub-compilation(s) to finish...
Compiled 6 Verilog Units
Built simulation executable /home/yzy/ise/lamp/LampCtrl_LampCtrl_sch_tb_isim_beh.exe
Fuse Memory Usage: 1178936 KB
Fuse CPU Usage: 960 ms
GCC CPU Usage: 400 ms
