Release 14.7 Map P.20131013 (lin64)
Xilinx Mapping Report File for Design 'LampCtrl'

Design Information
------------------
Command Line   : map -intstyle ise -p xc7a100t-csg324-3 -w -logic_opt off -ol
high -t 1 -xt 0 -register_duplication off -r 4 -mt off -ir off -pr off -lc off
-power off -o LampCtrl_map.ncd LampCtrl.ngd LampCtrl.pcf 
Target Device  : xc7a100t
Target Package : csg324
Target Speed   : -3
Mapper Version : artix7 -- $Revision: 1.55 $
Mapped Date    : Wed Nov  2 00:27:02 2016

Design Summary
--------------
Number of errors   :   4
Number of warnings :   2

Section 1 - Errors
------------------
ERROR:MapLib:30 - LOC constraint AA10 on S1 is invalid: No such site on the
   device. To bypass this error set the environment variable 'XIL_MAP_LOCWARN'.
ERROR:MapLib:30 - LOC constraint AB10 on S2 is invalid: No such site on the
   device. To bypass this error set the environment variable 'XIL_MAP_LOCWARN'.
ERROR:MapLib:30 - LOC constraint AA13 on S3 is invalid: No such site on the
   device. To bypass this error set the environment variable 'XIL_MAP_LOCWARN'.
ERROR:MapLib:30 - LOC constraint AB26 on F is invalid: No such site on the
   device. To bypass this error set the environment variable 'XIL_MAP_LOCWARN'.

Section 2 - Warnings
--------------------
WARNING:Security:42 - Your software subscription period has lapsed. Your current
version of Xilinx tools will continue to function, but you no longer qualify for
Xilinx software updates or new releases.
WARNING:LIT:701 - PAD symbol "Buzzer" has an undefined IOSTANDARD.
WARNING:LIT:702 - PAD symbol "Buzzer" is not constrained (LOC) to a specific
   location.

Section 3 - Informational
-------------------------
INFO:Security:54 - 'xc7a100t' is a WebPack part.

Section 4 - Removed Logic Summary
---------------------------------

Section 5 - Removed Logic
-------------------------
