--------------------------------------------------------------------------------
Release 14.7 Trace  (lin64)
Copyright (c) 1995-2013 Xilinx, Inc.  All rights reserved.

/opt/Xilinx/14.7/ISE_DS/ISE/bin/lin64/unwrapped/trce -intstyle ise -v 3 -s 2L
-n 3 -fastpaths -xml Hex_27Seg_sch.twx Hex_27Seg_sch.ncd -o Hex_27Seg_sch.twr
Hex_27Seg_sch.pcf -ucf constraint.ucf

Design file:              Hex_27Seg_sch.ncd
Physical constraint file: Hex_27Seg_sch.pcf
Device,package,speed:     xc7k160t,ffg676,C,-2L (PRODUCTION 1.10 2013-10-13)
Report level:             verbose report

Environment Variable      Effect 
--------------------      ------ 
NONE                      No environment variables were set
--------------------------------------------------------------------------------

INFO:Timing:2698 - No timing constraints found, doing default enumeration.
INFO:Timing:3412 - To improve timing, see the Timing Closure User Guide (UG612).
INFO:Timing:2752 - To get complete path coverage, use the unconstrained paths 
   option. All paths that are not constrained will be reported in the 
   unconstrained paths section(s) of the report.
INFO:Timing:3339 - The clock-to-out numbers in this timing report are based on 
   a 50 Ohm transmission line loading model.  For the details of this model, 
   and for more information on accounting for different loading conditions, 
   please see the device datasheet.



Data Sheet report:
-----------------
All values displayed in nanoseconds (ns)

Pad to Pad
---------------+---------------+---------+
Source Pad     |Destination Pad|  Delay  |
---------------+---------------+---------+
LE             |SEGMENT<0>     |    8.306|
LE             |SEGMENT<1>     |    8.259|
LE             |SEGMENT<2>     |    8.433|
LE             |SEGMENT<3>     |    8.506|
LE             |SEGMENT<4>     |    8.647|
LE             |SEGMENT<5>     |    8.253|
LE             |SEGMENT<6>     |    8.358|
POINT          |SEGMENT<7>     |    7.707|
SW<0>          |SEGMENT<0>     |    8.400|
SW<0>          |SEGMENT<1>     |    8.628|
SW<0>          |SEGMENT<2>     |    8.636|
SW<0>          |SEGMENT<3>     |    8.598|
SW<0>          |SEGMENT<4>     |    8.631|
SW<0>          |SEGMENT<5>     |    8.347|
SW<0>          |SEGMENT<6>     |    8.619|
SW<1>          |SEGMENT<0>     |    8.752|
SW<1>          |SEGMENT<1>     |    8.521|
SW<1>          |SEGMENT<2>     |    9.139|
SW<1>          |SEGMENT<3>     |    8.833|
SW<1>          |SEGMENT<4>     |    8.728|
SW<1>          |SEGMENT<5>     |    8.738|
SW<1>          |SEGMENT<6>     |    8.663|
SW<2>          |SEGMENT<0>     |    8.484|
SW<2>          |SEGMENT<1>     |    8.855|
SW<2>          |SEGMENT<2>     |    8.958|
SW<2>          |SEGMENT<3>     |    8.679|
SW<2>          |SEGMENT<4>     |    8.943|
SW<2>          |SEGMENT<5>     |    8.556|
SW<2>          |SEGMENT<6>     |    8.613|
SW<3>          |SEGMENT<0>     |    8.725|
SW<3>          |SEGMENT<1>     |    8.534|
SW<3>          |SEGMENT<2>     |    8.927|
SW<3>          |SEGMENT<3>     |    8.922|
SW<3>          |SEGMENT<4>     |    8.945|
SW<3>          |SEGMENT<5>     |    8.740|
SW<3>          |SEGMENT<6>     |    8.750|
SW<4>          |AN<0>          |    7.923|
SW<5>          |AN<1>          |    7.983|
SW<6>          |AN<2>          |    7.922|
SW<7>          |AN<3>          |    7.695|
---------------+---------------+---------+


Analysis completed Wed Nov 16 14:43:53 2016 
--------------------------------------------------------------------------------

Trace Settings:
-------------------------
Trace Settings 

Peak Memory Usage: 870 MB



