--------------------------------------------------------------------------------
Release 14.7 Trace  (lin64)
Copyright (c) 1995-2013 Xilinx, Inc.  All rights reserved.

/opt/Xilinx/14.7/ISE_DS/ISE/bin/lin64/unwrapped/trce -intstyle ise -v 3 -s 2L
-n 3 -fastpaths -xml MC14495_ZJU.twx MC14495_ZJU.ncd -o MC14495_ZJU.twr
MC14495_ZJU.pcf

Design file:              MC14495_ZJU.ncd
Physical constraint file: MC14495_ZJU.pcf
Device,package,speed:     xc7k160t,ffg676,C,-2L (PRODUCTION 1.10 2013-10-13)
Report level:             verbose report

Environment Variable      Effect 
--------------------      ------ 
NONE                      No environment variables were set
--------------------------------------------------------------------------------

INFO:Timing:2698 - No timing constraints found, doing default enumeration.
INFO:Timing:3412 - To improve timing, see the Timing Closure User Guide (UG612).
INFO:Timing:2752 - To get complete path coverage, use the unconstrained paths 
   option. All paths that are not constrained will be reported in the 
   unconstrained paths section(s) of the report.
INFO:Timing:3339 - The clock-to-out numbers in this timing report are based on 
   a 50 Ohm transmission line loading model.  For the details of this model, 
   and for more information on accounting for different loading conditions, 
   please see the device datasheet.



Data Sheet report:
-----------------
All values displayed in nanoseconds (ns)

Pad to Pad
---------------+---------------+---------+
Source Pad     |Destination Pad|  Delay  |
---------------+---------------+---------+
D0             |A              |    5.315|
D0             |B              |    5.318|
D0             |C              |    5.576|
D0             |D              |    5.310|
D0             |E              |    5.207|
D0             |F              |    5.439|
D0             |G              |    5.420|
D1             |A              |    5.152|
D1             |B              |    5.409|
D1             |C              |    5.299|
D1             |D              |    5.364|
D1             |E              |    5.311|
D1             |F              |    5.299|
D1             |G              |    5.126|
D2             |A              |    5.333|
D2             |B              |    5.555|
D2             |C              |    5.473|
D2             |D              |    5.326|
D2             |E              |    5.352|
D2             |F              |    5.287|
D2             |G              |    5.409|
D3             |A              |    5.193|
D3             |B              |    5.324|
D3             |C              |    5.337|
D3             |D              |    5.196|
D3             |E              |    5.218|
D3             |F              |    5.124|
D3             |G              |    5.320|
LE             |A              |    5.461|
LE             |B              |    5.659|
LE             |C              |    5.489|
LE             |D              |    5.458|
LE             |E              |    5.479|
LE             |F              |    5.385|
LE             |G              |    5.268|
POINT          |P              |    4.965|
---------------+---------------+---------+


Analysis completed Wed Nov 16 13:34:11 2016 
--------------------------------------------------------------------------------

Trace Settings:
-------------------------
Trace Settings 

Peak Memory Usage: 869 MB



