Release 14.7 - xst P.20131013 (lin64)
Copyright (c) 1995-2013 Xilinx, Inc.  All rights reserved.
--> 
Parameter TMPDIR set to xst/projnav.tmp


Total REAL time to Xst completion: 0.00 secs
Total CPU time to Xst completion: 0.04 secs
 
--> 
Parameter xsthdpdir set to xst


Total REAL time to Xst completion: 0.00 secs
Total CPU time to Xst completion: 0.04 secs
 
--> 
Reading design: Top.prj

TABLE OF CONTENTS
  1) Synthesis Options Summary
  2) HDL Parsing
  3) HDL Elaboration
  4) HDL Synthesis
       4.1) HDL Synthesis Report
  5) Advanced HDL Synthesis
       5.1) Advanced HDL Synthesis Report
  6) Low Level Synthesis
  7) Partition Report
  8) Design Summary
       8.1) Primitive and Black Box Usage
       8.2) Device utilization summary
       8.3) Partition Resource Summary
       8.4) Timing Report
            8.4.1) Clock Information
            8.4.2) Asynchronous Control Signals Information
            8.4.3) Timing Summary
            8.4.4) Timing Details
            8.4.5) Cross Clock Domains Report


=========================================================================
*                      Synthesis Options Summary                        *
=========================================================================
---- Source Parameters
Input File Name                    : "Top.prj"
Ignore Synthesis Constraint File   : NO

---- Target Parameters
Output File Name                   : "Top"
Output Format                      : NGC
Target Device                      : xc7k160t-2L-ffg676

---- Source Options
Top Module Name                    : Top
Automatic FSM Extraction           : YES
FSM Encoding Algorithm             : Auto
Safe Implementation                : No
FSM Style                          : LUT
RAM Extraction                     : Yes
RAM Style                          : Auto
ROM Extraction                     : Yes
Shift Register Extraction          : YES
ROM Style                          : Auto
Resource Sharing                   : YES
Asynchronous To Synchronous        : NO
Shift Register Minimum Size        : 2
Use DSP Block                      : Auto
Automatic Register Balancing       : No

---- Target Options
LUT Combining                      : Auto
Reduce Control Sets                : Auto
Add IO Buffers                     : YES
Global Maximum Fanout              : 100000
Add Generic Clock Buffer(BUFG)     : 32
Register Duplication               : YES
Optimize Instantiated Primitives   : NO
Use Clock Enable                   : Auto
Use Synchronous Set                : Auto
Use Synchronous Reset              : Auto
Pack IO Registers into IOBs        : Auto
Equivalent register Removal        : YES

---- General Options
Optimization Goal                  : Speed
Optimization Effort                : 1
Power Reduction                    : NO
Keep Hierarchy                     : No
Netlist Hierarchy                  : As_Optimized
RTL Output                         : Yes
Global Optimization                : AllClockNets
Read Cores                         : YES
Write Timing Constraints           : NO
Cross Clock Analysis               : NO
Hierarchy Separator                : /
Bus Delimiter                      : <>
Case Specifier                     : Maintain
Slice Utilization Ratio            : 100
BRAM Utilization Ratio             : 100
DSP48 Utilization Ratio            : 100
Auto BRAM Packing                  : NO
Slice Utilization Ratio Delta      : 5

---- Other Options
Cores Search Directories           : {"CODE"  }

=========================================================================


=========================================================================
*                          HDL Parsing                                  *
=========================================================================
Analyzing Verilog file "/home/yzy/ise/TopModule/MUX4T1_4.vf" into library work
Parsing module <MUX4T1_4>.
Analyzing Verilog file "/home/yzy/ise/TopModule/MUX8T1_8.vf" into library work
Parsing module <MUX4T1_4_MUSER_MUX8T1_8>.
Parsing module <MUX8T1_8>.
Analyzing Verilog file "/home/yzy/ise/TopModule/MUX8T1_32.vf" into library work
Parsing module <MUX4T1_4_MUSER_MUX8T1_32>.
Parsing module <MUX8T1_8_MUSER_MUX8T1_32>.
Parsing module <MUX8T1_32>.
Analyzing Verilog file "/home/yzy/ise/TopModule/MC14495_ZJU.vf" into library work
Parsing module <MC14495_ZJU>.
Analyzing Verilog file "/home/yzy/ise/TopModule/ScanSync.vf" into library work
Parsing module <MUX4T1_4_MUSER_ScanSync>.
Parsing module <MUX8T1_8_MUSER_ScanSync>.
Parsing module <ScanSync>.
Analyzing Verilog file "/home/yzy/ise/TopModule/CODE/P2S_IO.v" into library work
Parsing module <P2S>.
Analyzing Verilog file "/home/yzy/ise/TopModule/MUX2T1_64.vf" into library work
Parsing module <MUX4T1_4_MUSER_MUX2T1_64>.
Parsing module <MUX8T1_8_MUSER_MUX2T1_64>.
Parsing module <MUX8T1_32_MUSER_MUX2T1_64>.
Parsing module <MUX2T1_64>.
Analyzing Verilog file "/home/yzy/ise/TopModule/CODE/LED_P2S_IO.v" into library work
Parsing module <LED_P2S>.
Analyzing Verilog file "/home/yzy/ise/TopModule/HexTo8SEG.vf" into library work
Parsing module <MC14495_ZJU_MUSER_HexTo8SEG>.
Parsing module <HexTo8SEG>.
Analyzing Verilog file "/home/yzy/ise/TopModule/GPIO.v" into library work
Parsing module <GPIO>.
Analyzing Verilog file "/home/yzy/ise/TopModule/CODE/SEnter_2_32_IO.v" into library work
Parsing module <SEnter_2_32>.
Analyzing Verilog file "/home/yzy/ise/TopModule/Seg7_Dev.vf" into library work
Parsing module <MUX4T1_4_MUSER_Seg7_Dev>.
Parsing module <MUX8T1_8_MUSER_Seg7_Dev>.
Parsing module <MC14495_ZJU_MUSER_Seg7_Dev>.
Parsing module <ScanSync_MUSER_Seg7_Dev>.
Parsing module <Seg7_Dev>.
Analyzing Verilog file "/home/yzy/ise/TopModule/CODE/SAnti_jitter_IO.v" into library work
Parsing module <SAnti_jitter>.
Analyzing Verilog file "/home/yzy/ise/TopModule/CODE/PIO.v" into library work
Parsing module <PIO>.
Analyzing Verilog file "/home/yzy/ise/TopModule/CODE/Multi_8CH32.v" into library work
Parsing module <Multi_8CH32>.
Analyzing Verilog file "/home/yzy/ise/TopModule/Display.vf" into library work
Parsing module <MC14495_ZJU_MUSER_Display>.
Parsing module <HexTo8SEG_MUSER_Display>.
Parsing module <MUX4T1_4_MUSER_Display>.
Parsing module <MUX8T1_8_MUSER_Display>.
Parsing module <MUX8T1_32_MUSER_Display>.
Parsing module <MUX2T1_64_MUSER_Display>.
Parsing module <Display>.
Analyzing Verilog file "/home/yzy/ise/TopModule/CODE/clkdiv.v" into library work
Parsing module <clkdiv>.
Analyzing Verilog file "/home/yzy/ise/TopModule/Top.vf" into library work
Parsing module <MUX4T1_4_MUSER_Top>.
Parsing module <MUX8T1_8_MUSER_Top>.
Parsing module <MC14495_ZJU_MUSER_Top>.
Parsing module <ScanSync_MUSER_Top>.
Parsing module <Seg7_Dev_MUSER_Top>.
Parsing module <HexTo8SEG_MUSER_Top>.
Parsing module <MUX8T1_32_MUSER_Top>.
Parsing module <MUX2T1_64_MUSER_Top>.
Parsing module <Display_MUSER_Top>.
Parsing module <Top>.

=========================================================================
*                            HDL Elaboration                            *
=========================================================================

Elaborating module <Top>.

Elaborating module <clkdiv>.

Elaborating module <SAnti_jitter>.
WARNING:HDLCompiler:1499 - "/home/yzy/ise/TopModule/CODE/SAnti_jitter_IO.v" Line 21: Empty module <SAnti_jitter> remains a black box.
WARNING:HDLCompiler:1127 - "/home/yzy/ise/TopModule/Top.vf" Line 1038: Assignment to Pulse ignored, since the identifier is never used

Elaborating module <Display_MUSER_Top>.

Elaborating module <P2S>.
WARNING:HDLCompiler:1499 - "/home/yzy/ise/TopModule/CODE/P2S_IO.v" Line 21: Empty module <P2S> remains a black box.

Elaborating module <MUX2T1_64_MUSER_Top>.

Elaborating module <MUX8T1_32_MUSER_Top>.

Elaborating module <MUX8T1_8_MUSER_Top>.

Elaborating module <MUX4T1_4_MUSER_Top>.

Elaborating module <INV>.

Elaborating module <AND2>.

Elaborating module <OR4>.

Elaborating module <OR2>.

Elaborating module <GND>.
WARNING:HDLCompiler:552 - "/home/yzy/ise/TopModule/Top.vf" Line 889: Input port I2[31] is not connected on this instance
WARNING:HDLCompiler:552 - "/home/yzy/ise/TopModule/Top.vf" Line 899: Input port I2[31] is not connected on this instance

Elaborating module <HexTo8SEG_MUSER_Top>.

Elaborating module <MC14495_ZJU_MUSER_Top>.

Elaborating module <OR3>.

Elaborating module <AND4>.

Elaborating module <AND3>.
WARNING:HDLCompiler:552 - "/home/yzy/ise/TopModule/Top.vf" Line 950: Input port b[63] is not connected on this instance

Elaborating module <SEnter_2_32>.
WARNING:HDLCompiler:1499 - "/home/yzy/ise/TopModule/CODE/SEnter_2_32_IO.v" Line 21: Empty module <SEnter_2_32> remains a black box.

Elaborating module <Multi_8CH32>.

Elaborating module <MUX8T1_32>.

Elaborating module <MUX8T1_8_MUSER_MUX8T1_32>.

Elaborating module <MUX4T1_4_MUSER_MUX8T1_32>.

Elaborating module <MUX8T1_8>.

Elaborating module <MUX4T1_4_MUSER_MUX8T1_8>.

Elaborating module <GPIO>.

Elaborating module <LED_P2S(DATA_BITS=16,DATA_COUNT_BITS=4)>.
WARNING:HDLCompiler:1499 - "/home/yzy/ise/TopModule/CODE/LED_P2S_IO.v" Line 21: Empty module <LED_P2S(DATA_BITS=16,DATA_COUNT_BITS=4)> remains a black box.

Elaborating module <Seg7_Dev_MUSER_Top>.

Elaborating module <ScanSync_MUSER_Top>.

Elaborating module <BUF>.

Elaborating module <VCC>.
WARNING:HDLCompiler:634 - "/home/yzy/ise/TopModule/Top.vf" Line 610: Net <XLXN_19[7]> does not have a driver.
WARNING:HDLCompiler:552 - "/home/yzy/ise/TopModule/Top.vf" Line 634: Input port I2[7] is not connected on this instance

Elaborating module <PIO>.
WARNING:HDLCompiler:634 - "/home/yzy/ise/TopModule/Top.vf" Line 1006: Net <Co> does not have a driver.
WARNING:HDLCompiler:634 - "/home/yzy/ise/TopModule/Top.vf" Line 1009: Net <G0> does not have a driver.
WARNING:HDLCompiler:552 - "/home/yzy/ise/TopModule/Top.vf" Line 1062: Input port data2[31] is not connected on this instance

=========================================================================
*                           HDL Synthesis                               *
=========================================================================

Synthesizing Unit <Top>.
    Related source file is "/home/yzy/ise/TopModule/Top.vf".
WARNING:Xst:2898 - Port 'data2', unconnected in block instance 'M5', is tied to GND.
WARNING:Xst:2898 - Port 'data3', unconnected in block instance 'M5', is tied to GND.
WARNING:Xst:2898 - Port 'data4', unconnected in block instance 'M5', is tied to GND.
WARNING:Xst:2898 - Port 'data5', unconnected in block instance 'M5', is tied to GND.
WARNING:Xst:2898 - Port 'data6', unconnected in block instance 'M5', is tied to GND.
WARNING:Xst:2898 - Port 'data7', unconnected in block instance 'M5', is tied to GND.
INFO:Xst:3210 - "/home/yzy/ise/TopModule/Top.vf" line 1028: Output port <pulse_out> of the instance <M2> is unconnected or connected to loadless signal.
INFO:Xst:3210 - "/home/yzy/ise/TopModule/Top.vf" line 1082: Output port <GPIOf0> of the instance <M6> is unconnected or connected to loadless signal.
INFO:Xst:3210 - "/home/yzy/ise/TopModule/Top.vf" line 1100: Output port <GPIOf0> of the instance <M61> is unconnected or connected to loadless signal.
WARNING:Xst:653 - Signal <Co> is used but never assigned. This sourceless signal will be automatically connected to value GND.
WARNING:Xst:653 - Signal <G0> is used but never assigned. This sourceless signal will be automatically connected to value GND.
    Summary:
	no macro.
Unit <Top> synthesized.

Synthesizing Unit <clkdiv>.
    Related source file is "/home/yzy/ise/TopModule/CODE/clkdiv.v".
    Found 32-bit register for signal <clkdiv>.
    Found 32-bit adder for signal <clkdiv[31]_GND_2_o_add_0_OUT> created at line 31.
    Summary:
	inferred   1 Adder/Subtractor(s).
	inferred  32 D-type flip-flop(s).
Unit <clkdiv> synthesized.

Synthesizing Unit <Display_MUSER_Top>.
    Related source file is "/home/yzy/ise/TopModule/Top.vf".
WARNING:Xst:2898 - Port 'b', unconnected in block instance 'M5', is tied to GND.
    Summary:
	no macro.
Unit <Display_MUSER_Top> synthesized.

Synthesizing Unit <MUX2T1_64_MUSER_Top>.
    Related source file is "/home/yzy/ise/TopModule/Top.vf".
WARNING:Xst:2898 - Port 'I2', unconnected in block instance 'XLXI_1', is tied to GND.
WARNING:Xst:2898 - Port 'I3', unconnected in block instance 'XLXI_1', is tied to GND.
WARNING:Xst:2898 - Port 'I4', unconnected in block instance 'XLXI_1', is tied to GND.
WARNING:Xst:2898 - Port 'I5', unconnected in block instance 'XLXI_1', is tied to GND.
WARNING:Xst:2898 - Port 'I6', unconnected in block instance 'XLXI_1', is tied to GND.
WARNING:Xst:2898 - Port 'I7', unconnected in block instance 'XLXI_1', is tied to GND.
WARNING:Xst:2898 - Port 'I2', unconnected in block instance 'XLXI_2', is tied to GND.
WARNING:Xst:2898 - Port 'I3', unconnected in block instance 'XLXI_2', is tied to GND.
WARNING:Xst:2898 - Port 'I4', unconnected in block instance 'XLXI_2', is tied to GND.
WARNING:Xst:2898 - Port 'I5', unconnected in block instance 'XLXI_2', is tied to GND.
WARNING:Xst:2898 - Port 'I6', unconnected in block instance 'XLXI_2', is tied to GND.
WARNING:Xst:2898 - Port 'I7', unconnected in block instance 'XLXI_2', is tied to GND.
    Summary:
	no macro.
Unit <MUX2T1_64_MUSER_Top> synthesized.

Synthesizing Unit <MUX8T1_32_MUSER_Top>.
    Related source file is "/home/yzy/ise/TopModule/Top.vf".
    Summary:
	no macro.
Unit <MUX8T1_32_MUSER_Top> synthesized.

Synthesizing Unit <MUX8T1_8_MUSER_Top>.
    Related source file is "/home/yzy/ise/TopModule/Top.vf".
    Summary:
	no macro.
Unit <MUX8T1_8_MUSER_Top> synthesized.

Synthesizing Unit <MUX4T1_4_MUSER_Top>.
    Related source file is "/home/yzy/ise/TopModule/Top.vf".
    Summary:
	no macro.
Unit <MUX4T1_4_MUSER_Top> synthesized.

Synthesizing Unit <HexTo8SEG_MUSER_Top>.
    Related source file is "/home/yzy/ise/TopModule/Top.vf".
    Summary:
	no macro.
Unit <HexTo8SEG_MUSER_Top> synthesized.

Synthesizing Unit <MC14495_ZJU_MUSER_Top>.
    Related source file is "/home/yzy/ise/TopModule/Top.vf".
    Summary:
	no macro.
Unit <MC14495_ZJU_MUSER_Top> synthesized.

Synthesizing Unit <Multi_8CH32>.
    Related source file is "/home/yzy/ise/TopModule/CODE/Multi_8CH32.v".
WARNING:Xst:647 - Input <rst> is never used. This port will be preserved and left unconnected if it belongs to a top-level block or it belongs to a sub-block and the hierarchy of this sub-block is preserved.
    Found 8-bit register for signal <cpu_blink>.
    Found 8-bit register for signal <cpu_point>.
    Found 32-bit register for signal <disp_data>.
    Summary:
	inferred  48 D-type flip-flop(s).
Unit <Multi_8CH32> synthesized.

Synthesizing Unit <MUX8T1_32>.
    Related source file is "/home/yzy/ise/TopModule/MUX8T1_32.vf".
    Summary:
	no macro.
Unit <MUX8T1_32> synthesized.

Synthesizing Unit <MUX8T1_8_MUSER_MUX8T1_32>.
    Related source file is "/home/yzy/ise/TopModule/MUX8T1_32.vf".
    Summary:
	no macro.
Unit <MUX8T1_8_MUSER_MUX8T1_32> synthesized.

Synthesizing Unit <MUX4T1_4_MUSER_MUX8T1_32>.
    Related source file is "/home/yzy/ise/TopModule/MUX8T1_32.vf".
    Summary:
	no macro.
Unit <MUX4T1_4_MUSER_MUX8T1_32> synthesized.

Synthesizing Unit <MUX8T1_8>.
    Related source file is "/home/yzy/ise/TopModule/MUX8T1_8.vf".
    Summary:
	no macro.
Unit <MUX8T1_8> synthesized.

Synthesizing Unit <MUX4T1_4_MUSER_MUX8T1_8>.
    Related source file is "/home/yzy/ise/TopModule/MUX8T1_8.vf".
    Summary:
	no macro.
Unit <MUX4T1_4_MUSER_MUX8T1_8> synthesized.

Synthesizing Unit <GPIO>.
    Related source file is "/home/yzy/ise/TopModule/GPIO.v".
    Found 32-bit register for signal <GPIOf0>.
    Summary:
	inferred  32 D-type flip-flop(s).
Unit <GPIO> synthesized.

Synthesizing Unit <Seg7_Dev_MUSER_Top>.
    Related source file is "/home/yzy/ise/TopModule/Top.vf".
WARNING:Xst:2898 - Port 'I2', unconnected in block instance 'M3', is tied to GND.
WARNING:Xst:2898 - Port 'I3', unconnected in block instance 'M3', is tied to GND.
WARNING:Xst:2898 - Port 'I4', unconnected in block instance 'M3', is tied to GND.
WARNING:Xst:2898 - Port 'I5', unconnected in block instance 'M3', is tied to GND.
WARNING:Xst:2898 - Port 'I6', unconnected in block instance 'M3', is tied to GND.
WARNING:Xst:2898 - Port 'I7', unconnected in block instance 'M3', is tied to GND.
WARNING:Xst:653 - Signal <XLXN_19> is used but never assigned. This sourceless signal will be automatically connected to value GND.
    Summary:
	no macro.
Unit <Seg7_Dev_MUSER_Top> synthesized.

Synthesizing Unit <ScanSync_MUSER_Top>.
    Related source file is "/home/yzy/ise/TopModule/Top.vf".
    Summary:
	no macro.
Unit <ScanSync_MUSER_Top> synthesized.

Synthesizing Unit <PIO>.
    Related source file is "/home/yzy/ise/TopModule/CODE/PIO.v".
    Found 32-bit register for signal <GPIOf0>.
    Summary:
	inferred  32 D-type flip-flop(s).
Unit <PIO> synthesized.

=========================================================================
HDL Synthesis Report

Macro Statistics
# Adders/Subtractors                                   : 1
 32-bit adder                                          : 1
# Registers                                            : 6
 32-bit register                                       : 4
 8-bit register                                        : 2

=========================================================================

=========================================================================
*                       Advanced HDL Synthesis                          *
=========================================================================

Reading core <CODE/SAnti_jitter.ngc>.
Reading core <CODE/SEnter_2_32.ngc>.
Reading core <CODE/P2S.ngc>.
Reading core <CODE/LED_P2S.ngc>.
Loading core <SAnti_jitter> for timing and area information for instance <M2>.
Loading core <SEnter_2_32> for timing and area information for instance <M4>.
Loading core <P2S> for timing and area information for instance <M2>.
Loading core <LED_P2S> for timing and area information for instance <LED_P2S>.
WARNING:Xst:1710 - FF/Latch <GPIOf0_5> (without init value) has a constant value of 0 in block <M6>. This FF/Latch will be trimmed during the optimization process.
WARNING:Xst:1710 - FF/Latch <GPIOf0_1> (without init value) has a constant value of 0 in block <M61>. This FF/Latch will be trimmed during the optimization process.
WARNING:Xst:1710 - FF/Latch <GPIOf0_2> (without init value) has a constant value of 0 in block <M61>. This FF/Latch will be trimmed during the optimization process.
WARNING:Xst:1710 - FF/Latch <GPIOf0_3> (without init value) has a constant value of 0 in block <M61>. This FF/Latch will be trimmed during the optimization process.
WARNING:Xst:1710 - FF/Latch <GPIOf0_4> (without init value) has a constant value of 0 in block <M61>. This FF/Latch will be trimmed during the optimization process.
WARNING:Xst:1710 - FF/Latch <GPIOf0_5> (without init value) has a constant value of 0 in block <M61>. This FF/Latch will be trimmed during the optimization process.
WARNING:Xst:2677 - Node <GPIOf0_16> of sequential type is unconnected in block <M6>.
WARNING:Xst:2677 - Node <GPIOf0_17> of sequential type is unconnected in block <M6>.
WARNING:Xst:2677 - Node <GPIOf0_18> of sequential type is unconnected in block <M6>.
WARNING:Xst:2677 - Node <GPIOf0_19> of sequential type is unconnected in block <M6>.
WARNING:Xst:2677 - Node <GPIOf0_20> of sequential type is unconnected in block <M6>.
WARNING:Xst:2677 - Node <GPIOf0_21> of sequential type is unconnected in block <M6>.
WARNING:Xst:2677 - Node <GPIOf0_22> of sequential type is unconnected in block <M6>.
WARNING:Xst:2677 - Node <GPIOf0_23> of sequential type is unconnected in block <M6>.
WARNING:Xst:2677 - Node <GPIOf0_24> of sequential type is unconnected in block <M6>.
WARNING:Xst:2677 - Node <GPIOf0_25> of sequential type is unconnected in block <M6>.
WARNING:Xst:2677 - Node <GPIOf0_26> of sequential type is unconnected in block <M6>.
WARNING:Xst:2677 - Node <GPIOf0_27> of sequential type is unconnected in block <M6>.
WARNING:Xst:2677 - Node <GPIOf0_28> of sequential type is unconnected in block <M6>.
WARNING:Xst:2677 - Node <GPIOf0_29> of sequential type is unconnected in block <M6>.
WARNING:Xst:2677 - Node <GPIOf0_30> of sequential type is unconnected in block <M6>.
WARNING:Xst:2677 - Node <GPIOf0_31> of sequential type is unconnected in block <M6>.
WARNING:Xst:2677 - Node <GPIOf0_8> of sequential type is unconnected in block <M61>.
WARNING:Xst:2677 - Node <GPIOf0_9> of sequential type is unconnected in block <M61>.
WARNING:Xst:2677 - Node <GPIOf0_10> of sequential type is unconnected in block <M61>.
WARNING:Xst:2677 - Node <GPIOf0_11> of sequential type is unconnected in block <M61>.
WARNING:Xst:2677 - Node <GPIOf0_12> of sequential type is unconnected in block <M61>.
WARNING:Xst:2677 - Node <GPIOf0_13> of sequential type is unconnected in block <M61>.
WARNING:Xst:2677 - Node <GPIOf0_14> of sequential type is unconnected in block <M61>.
WARNING:Xst:2677 - Node <GPIOf0_15> of sequential type is unconnected in block <M61>.
WARNING:Xst:2677 - Node <GPIOf0_16> of sequential type is unconnected in block <M61>.
WARNING:Xst:2677 - Node <GPIOf0_17> of sequential type is unconnected in block <M61>.
WARNING:Xst:2677 - Node <GPIOf0_18> of sequential type is unconnected in block <M61>.
WARNING:Xst:2677 - Node <GPIOf0_19> of sequential type is unconnected in block <M61>.
WARNING:Xst:2677 - Node <GPIOf0_20> of sequential type is unconnected in block <M61>.
WARNING:Xst:2677 - Node <GPIOf0_21> of sequential type is unconnected in block <M61>.
WARNING:Xst:2677 - Node <GPIOf0_22> of sequential type is unconnected in block <M61>.
WARNING:Xst:2677 - Node <GPIOf0_23> of sequential type is unconnected in block <M61>.
WARNING:Xst:2677 - Node <GPIOf0_24> of sequential type is unconnected in block <M61>.
WARNING:Xst:2677 - Node <GPIOf0_25> of sequential type is unconnected in block <M61>.
WARNING:Xst:2677 - Node <GPIOf0_26> of sequential type is unconnected in block <M61>.
WARNING:Xst:2677 - Node <GPIOf0_27> of sequential type is unconnected in block <M61>.
WARNING:Xst:2677 - Node <GPIOf0_28> of sequential type is unconnected in block <M61>.
WARNING:Xst:2677 - Node <GPIOf0_29> of sequential type is unconnected in block <M61>.
WARNING:Xst:2677 - Node <GPIOf0_30> of sequential type is unconnected in block <M61>.
WARNING:Xst:2677 - Node <GPIOf0_31> of sequential type is unconnected in block <M61>.

Synthesizing (advanced) Unit <clkdiv>.
The following registers are absorbed into counter <clkdiv>: 1 register on signal <clkdiv>.
Unit <clkdiv> synthesized (advanced).

=========================================================================
Advanced HDL Synthesis Report

Macro Statistics
# Counters                                             : 1
 32-bit up counter                                     : 1
# Registers                                            : 112
 Flip-Flops                                            : 112

=========================================================================

=========================================================================
*                         Low Level Synthesis                           *
=========================================================================
INFO:Xst:2261 - The FF/Latch <GPIOf0_1> in Unit <GPIO> is equivalent to the following 3 FFs/Latches, which will be removed : <GPIOf0_2> <GPIOf0_3> <GPIOf0_4> 
INFO:Xst:2261 - The FF/Latch <GPIOf0_1> in Unit <PIO> is equivalent to the following 4 FFs/Latches, which will be removed : <GPIOf0_2> <GPIOf0_3> <GPIOf0_4> <GPIOf0_5> 
WARNING:Xst:1710 - FF/Latch <GPIOf0_5> (without init value) has a constant value of 0 in block <GPIO>. This FF/Latch will be trimmed during the optimization process.
WARNING:Xst:1710 - FF/Latch <GPIOf0_1> (without init value) has a constant value of 0 in block <PIO>. This FF/Latch will be trimmed during the optimization process.

Optimizing unit <Top> ...

Optimizing unit <HexTo8SEG_MUSER_Top> ...

Optimizing unit <MC14495_ZJU_MUSER_Top> ...

Optimizing unit <MUX8T1_8_MUSER_Top> ...

Optimizing unit <MUX4T1_4_MUSER_Top> ...

Optimizing unit <Multi_8CH32> ...

Optimizing unit <MUX8T1_8_MUSER_MUX8T1_32> ...

Optimizing unit <MUX4T1_4_MUSER_MUX8T1_32> ...

Optimizing unit <MUX8T1_8> ...

Optimizing unit <MUX4T1_4_MUSER_MUX8T1_8> ...

Optimizing unit <ScanSync_MUSER_Top> ...

Optimizing unit <GPIO> ...

Optimizing unit <PIO> ...
WARNING:Xst:1710 - FF/Latch <M6/GPIOf0_1> (without init value) has a constant value of 0 in block <Top>. This FF/Latch will be trimmed during the optimization process.
WARNING:Xst:2677 - Node <M6/GPIOf0_31> of sequential type is unconnected in block <Top>.
WARNING:Xst:2677 - Node <M6/GPIOf0_30> of sequential type is unconnected in block <Top>.
WARNING:Xst:2677 - Node <M6/GPIOf0_29> of sequential type is unconnected in block <Top>.
WARNING:Xst:2677 - Node <M6/GPIOf0_28> of sequential type is unconnected in block <Top>.
WARNING:Xst:2677 - Node <M6/GPIOf0_27> of sequential type is unconnected in block <Top>.
WARNING:Xst:2677 - Node <M6/GPIOf0_26> of sequential type is unconnected in block <Top>.
WARNING:Xst:2677 - Node <M6/GPIOf0_25> of sequential type is unconnected in block <Top>.
WARNING:Xst:2677 - Node <M6/GPIOf0_24> of sequential type is unconnected in block <Top>.
WARNING:Xst:2677 - Node <M6/GPIOf0_23> of sequential type is unconnected in block <Top>.
WARNING:Xst:2677 - Node <M6/GPIOf0_22> of sequential type is unconnected in block <Top>.
WARNING:Xst:2677 - Node <M6/GPIOf0_21> of sequential type is unconnected in block <Top>.
WARNING:Xst:2677 - Node <M6/GPIOf0_20> of sequential type is unconnected in block <Top>.
WARNING:Xst:2677 - Node <M6/GPIOf0_19> of sequential type is unconnected in block <Top>.
WARNING:Xst:2677 - Node <M6/GPIOf0_18> of sequential type is unconnected in block <Top>.
WARNING:Xst:2677 - Node <M6/GPIOf0_17> of sequential type is unconnected in block <Top>.
WARNING:Xst:2677 - Node <M6/GPIOf0_16> of sequential type is unconnected in block <Top>.
WARNING:Xst:2677 - Node <M61/GPIOf0_31> of sequential type is unconnected in block <Top>.
WARNING:Xst:2677 - Node <M61/GPIOf0_30> of sequential type is unconnected in block <Top>.
WARNING:Xst:2677 - Node <M61/GPIOf0_29> of sequential type is unconnected in block <Top>.
WARNING:Xst:2677 - Node <M61/GPIOf0_28> of sequential type is unconnected in block <Top>.
WARNING:Xst:2677 - Node <M61/GPIOf0_27> of sequential type is unconnected in block <Top>.
WARNING:Xst:2677 - Node <M61/GPIOf0_26> of sequential type is unconnected in block <Top>.
WARNING:Xst:2677 - Node <M61/GPIOf0_25> of sequential type is unconnected in block <Top>.
WARNING:Xst:2677 - Node <M61/GPIOf0_24> of sequential type is unconnected in block <Top>.
WARNING:Xst:2677 - Node <M61/GPIOf0_23> of sequential type is unconnected in block <Top>.
WARNING:Xst:2677 - Node <M61/GPIOf0_22> of sequential type is unconnected in block <Top>.
WARNING:Xst:2677 - Node <M61/GPIOf0_21> of sequential type is unconnected in block <Top>.
WARNING:Xst:2677 - Node <M61/GPIOf0_20> of sequential type is unconnected in block <Top>.
WARNING:Xst:2677 - Node <M61/GPIOf0_19> of sequential type is unconnected in block <Top>.
WARNING:Xst:2677 - Node <M61/GPIOf0_18> of sequential type is unconnected in block <Top>.
WARNING:Xst:2677 - Node <M61/GPIOf0_17> of sequential type is unconnected in block <Top>.
WARNING:Xst:2677 - Node <M61/GPIOf0_16> of sequential type is unconnected in block <Top>.
WARNING:Xst:2677 - Node <M61/GPIOf0_15> of sequential type is unconnected in block <Top>.
WARNING:Xst:2677 - Node <M61/GPIOf0_14> of sequential type is unconnected in block <Top>.
WARNING:Xst:2677 - Node <M61/GPIOf0_13> of sequential type is unconnected in block <Top>.
WARNING:Xst:2677 - Node <M61/GPIOf0_12> of sequential type is unconnected in block <Top>.
WARNING:Xst:2677 - Node <M61/GPIOf0_11> of sequential type is unconnected in block <Top>.
WARNING:Xst:2677 - Node <M61/GPIOf0_10> of sequential type is unconnected in block <Top>.
WARNING:Xst:2677 - Node <M61/GPIOf0_9> of sequential type is unconnected in block <Top>.
WARNING:Xst:2677 - Node <M61/GPIOf0_8> of sequential type is unconnected in block <Top>.

Mapping all equations...
Building and optimizing final netlist ...
Found area constraint ratio of 100 (+ 5) on block Top, actual ratio is 0.

Final Macro Processing ...

=========================================================================
Final Register Report

Macro Statistics
# Registers                                            : 94
 Flip-Flops                                            : 94

=========================================================================

=========================================================================
*                           Partition Report                            *
=========================================================================

Partition Implementation Status
-------------------------------

  No Partitions were found in this design.

-------------------------------

=========================================================================
*                            Design Summary                             *
=========================================================================

Top Level Output File Name         : Top.ngc

Primitive and Black Box Usage:
------------------------------
# BELS                             : 3371
#      AND2                        : 1650
#      AND3                        : 108
#      AND4                        : 81
#      BUF                         : 11
#      GND                         : 2
#      INV                         : 226
#      LUT1                        : 97
#      LUT2                        : 25
#      LUT3                        : 75
#      LUT4                        : 67
#      LUT5                        : 64
#      LUT6                        : 199
#      MUXCY                       : 121
#      MUXF7                       : 6
#      OR2                         : 199
#      OR3                         : 27
#      OR4                         : 308
#      VCC                         : 4
#      XORCY                       : 101
# FlipFlops/Latches                : 393
#      FD                          : 205
#      FD_1                        : 3
#      FDC                         : 46
#      FDC_1                       : 11
#      FDCE                        : 4
#      FDE                         : 95
#      FDRE                        : 29
# Clock Buffers                    : 2
#      BUFG                        : 1
#      BUFGP                       : 1
# IO Buffers                       : 58
#      IBUF                        : 21
#      OBUF                        : 37

Device utilization summary:
---------------------------

Selected Device : 7k160tffg676-2l 


Slice Logic Utilization: 
 Number of Slice Registers:             393  out of  202800     0%  
 Number of Slice LUTs:                  753  out of  101400     0%  
    Number used as Logic:               753  out of  101400     0%  

Slice Logic Distribution: 
 Number of LUT Flip Flop pairs used:    884
   Number with an unused Flip Flop:     491  out of    884    55%  
   Number with an unused LUT:           131  out of    884    14%  
   Number of fully used LUT-FF pairs:   262  out of    884    29%  
   Number of unique control sets:        19

IO Utilization: 
 Number of IOs:                          59
 Number of bonded IOBs:                  59  out of    400    14%  

Specific Feature Utilization:
 Number of BUFG/BUFGCTRLs:                2  out of     32     6%  

---------------------------
Partition Resource Summary:
---------------------------

  No Partitions were found in this design.

---------------------------


=========================================================================
Timing Report

NOTE: THESE TIMING NUMBERS ARE ONLY A SYNTHESIS ESTIMATE.
      FOR ACCURATE TIMING INFORMATION PLEASE REFER TO THE TRACE REPORT
      GENERATED AFTER PLACE-and-ROUTE.

Clock Information:
------------------
-----------------------------------+------------------------+-------+
Clock Signal                       | Clock buffer(FF name)  | Load  |
-----------------------------------+------------------------+-------+
clk_100mhz                         | BUFGP                  | 349   |
M2/clk1                            | BUFG                   | 41    |
M4/push(M4/push1:O)                | NONE(*)(M4/state_0)    | 3     |
-----------------------------------+------------------------+-------+
(*) This 1 clock signal(s) are generated by combinatorial logic,
and XST is not able to identify which are the primary clock signals.
Please use the CLOCK_SIGNAL constraint to specify the clock signal(s) generated by combinatorial logic.
INFO:Xst:2169 - HDL ADVISOR - Some clock signals were not automatically buffered by XST with BUFG/BUFR resources. Please use the buffer_type constraint in order to insert these buffers to the clock signals to help prevent skew problems.

Asynchronous Control Signals Information:
----------------------------------------
No asynchronous control signals found in this design

Timing Summary:
---------------
Speed Grade: -2

   Minimum period: 10.352ns (Maximum Frequency: 96.599MHz)
   Minimum input arrival time before clock: 2.109ns
   Maximum output required time after clock: 13.377ns
   Maximum combinational path delay: No path found

Timing Details:
---------------
All values displayed in nanoseconds (ns)

=========================================================================
Timing constraint: Default period analysis for Clock 'clk_100mhz'
  Clock period: 10.352ns (frequency: 96.599MHz)
  Total number of paths / destination ports: 23715 / 444
-------------------------------------------------------------------------
Delay:               10.352ns (Levels of Logic = 16)
  Source:            M2/SW_OK_6 (FF)
  Destination:       M3/M2/buffer_4 (FF)
  Source Clock:      clk_100mhz rising
  Destination Clock: clk_100mhz rising

  Data Path: M2/SW_OK_6 to M3/M2/buffer_4
                                Gate     Net
    Cell:in->out      fanout   Delay   Delay  Logical Name (Net Name)
    ----------------------------------------  ------------
     FDE:C->Q             85   0.236   0.479  SW_OK_6 (SW_OK<6>)
     end scope: 'M2:SW_OK<6>'
     INV:I->O              2   0.317   0.608  M5/MUX1_DispData/XLXI_4/XLXI_4/XLXI_3 (M5/MUX1_DispData/XLXI_4/XLXI_4/Ns1)
     AND2:I1->O            4   0.053   0.620  M5/MUX1_DispData/XLXI_4/XLXI_4/XLXI_6 (M5/MUX1_DispData/XLXI_4/XLXI_4/LE1)
     AND2:I1->O            1   0.053   0.522  M5/MUX1_DispData/XLXI_4/XLXI_4/XLXI_18 (M5/MUX1_DispData/XLXI_4/XLXI_4/XLXN_113)
     OR4:I2->O             1   0.134   0.613  M5/MUX1_DispData/XLXI_4/XLXI_4/XLXI_27 (M5/MUX1_DispData/XLXI_4/o3<2>)
     AND2:I0->O            1   0.043   0.603  M5/MUX1_DispData/XLXI_4/XLXI_18 (M5/MUX1_DispData/XLXI_4/XLXN_79)
     OR2:I1->O            13   0.053   0.407  M5/MUX1_DispData/XLXI_4/XLXI_27 (Disp_num<30>)
     INV:I->O              8   0.317   0.642  M3/SM1/XLXI_1/XLXI_13 (M3/SM1/XLXI_1/ND2)
     AND4:I1->O            2   0.053   0.618  M3/SM1/XLXI_1/XLXI_8 (M3/SM1/XLXI_1/XLXN_122)
     OR4:I0->O             1   0.043   0.613  M3/SM1/XLXI_1/XLXI_1 (M3/SM1/XLXI_1/XLXN_159)
     OR2:I0->O             1   0.043   0.613  M3/SM1/XLXI_1/XLXI_38 (M3/XLXN_1<7>)
     AND2:I0->O            1   0.043   0.495  M3/M5/XLXI_2/XLXI_1/XLXI_3/XLXI_21 (M3/M5/XLXI_2/XLXI_1/XLXI_3/XLXN_116)
     OR4:I3->O             1   0.161   0.613  M3/M5/XLXI_2/XLXI_1/XLXI_3/XLXI_28 (M3/M5/XLXI_2/XLXI_1/o2<3>)
     AND2:I0->O            1   0.043   0.613  M3/M5/XLXI_2/XLXI_1/XLXI_19 (M3/M5/XLXI_2/XLXI_1/XLXN_80)
     OR2:I0->O             1   0.043   0.613  M3/M5/XLXI_2/XLXI_1/XLXI_28 (M3/SEGMENT<7>)
     begin scope: 'M3/M2:P_Data<7>'
     LUT6:I0->O            1   0.043   0.000  buffer_7_rstpot (buffer_7_rstpot)
     FD:D                     -0.000          buffer_7
    ----------------------------------------
    Total                     10.352ns (1.678ns logic, 8.674ns route)
                                       (16.2% logic, 83.8% route)

=========================================================================
Timing constraint: Default period analysis for Clock 'M2/clk1'
  Clock period: 2.152ns (frequency: 464.587MHz)
  Total number of paths / destination ports: 1454 / 90
-------------------------------------------------------------------------
Delay:               2.152ns (Levels of Logic = 7)
  Source:            M2/counter_8 (FF)
  Destination:       M2/Key_x_0 (FF)
  Source Clock:      M2/clk1 rising
  Destination Clock: M2/clk1 rising

  Data Path: M2/counter_8 to M2/Key_x_0
                                Gate     Net
    Cell:in->out      fanout   Delay   Delay  Logical Name (Net Name)
    ----------------------------------------  ------------
     FDRE:C->Q             3   0.236   0.615  counter_8 (counter<8>)
     LUT5:I0->O            1   0.043   0.000  Mcompar_counter[31]_GND_1_o_LessThan_5_o_lut<0> (Mcompar_counter[31]_GND_1_o_LessThan_5_o_lut<0>)
     MUXCY:S->O            1   0.238   0.000  Mcompar_counter[31]_GND_1_o_LessThan_5_o_cy<0> (Mcompar_counter[31]_GND_1_o_LessThan_5_o_cy<0>)
     MUXCY:CI->O           1   0.013   0.000  Mcompar_counter[31]_GND_1_o_LessThan_5_o_cy<1> (Mcompar_counter[31]_GND_1_o_LessThan_5_o_cy<1>)
     MUXCY:CI->O           1   0.013   0.000  Mcompar_counter[31]_GND_1_o_LessThan_5_o_cy<2> (Mcompar_counter[31]_GND_1_o_LessThan_5_o_cy<2>)
     MUXCY:CI->O           1   0.013   0.000  Mcompar_counter[31]_GND_1_o_LessThan_5_o_cy<3> (Mcompar_counter[31]_GND_1_o_LessThan_5_o_cy<3>)
     MUXCY:CI->O           8   0.013   0.378  Mcompar_counter[31]_GND_1_o_LessThan_5_o_cy<4> (Mcompar_counter[31]_GND_1_o_LessThan_5_o_cy<4>)
     INV:I->O              7   0.054   0.373  _n0225_inv1_cepot_INV_0 (_n0225_inv1_cepot)
     FDE:CE                    0.161          Key_x_0
    ----------------------------------------
    Total                      2.152ns (0.786ns logic, 1.366ns route)
                                       (36.5% logic, 63.5% route)

=========================================================================
Timing constraint: Default period analysis for Clock 'M4/push'
  Clock period: 1.069ns (frequency: 935.060MHz)
  Total number of paths / destination ports: 6 / 3
-------------------------------------------------------------------------
Delay:               1.069ns (Levels of Logic = 1)
  Source:            M4/state_0 (FF)
  Destination:       M4/state_0 (FF)
  Source Clock:      M4/push rising
  Destination Clock: M4/push rising

  Data Path: M4/state_0 to M4/state_0
                                Gate     Net
    Cell:in->out      fanout   Delay   Delay  Logical Name (Net Name)
    ----------------------------------------  ------------
     FDE:C->Q             19   0.236   0.440  state_0 (state<0>)
     INV:I->O              1   0.054   0.339  Result<0>1_INV_0 (Result<0>)
     FDE:D                    -0.000          state_0
    ----------------------------------------
    Total                      1.069ns (0.290ns logic, 0.779ns route)
                                       (27.1% logic, 72.9% route)

=========================================================================
Timing constraint: Default OFFSET IN BEFORE for Clock 'clk_100mhz'
  Total number of paths / destination ports: 1195 / 100
-------------------------------------------------------------------------
Offset:              2.089ns (Levels of Logic = 10)
  Source:            SW<2> (PAD)
  Destination:       M2/SW_OK_0 (FF)
  Destination Clock: clk_100mhz rising

  Data Path: SW<2> to M2/SW_OK_0
                                Gate     Net
    Cell:in->out      fanout   Delay   Delay  Logical Name (Net Name)
    ----------------------------------------  ------------
     IBUF:I->O             3   0.000   0.625  SW_2_IBUF (SW_2_IBUF)
     begin scope: 'M2:SW<2>'
     LUT6:I0->O            1   0.043   0.000  Mcompar_sw_temp[15]_SW[15]_not_equal_100_o_lut<0> (Mcompar_sw_temp[15]_SW[15]_not_equal_100_o_lut<0>)
     MUXCY:S->O            1   0.238   0.000  Mcompar_sw_temp[15]_SW[15]_not_equal_100_o_cy<0> (Mcompar_sw_temp[15]_SW[15]_not_equal_100_o_cy<0>)
     MUXCY:CI->O           1   0.013   0.000  Mcompar_sw_temp[15]_SW[15]_not_equal_100_o_cy<1> (Mcompar_sw_temp[15]_SW[15]_not_equal_100_o_cy<1>)
     MUXCY:CI->O           1   0.013   0.000  Mcompar_sw_temp[15]_SW[15]_not_equal_100_o_cy<2> (Mcompar_sw_temp[15]_SW[15]_not_equal_100_o_cy<2>)
     MUXCY:CI->O           1   0.013   0.000  Mcompar_sw_temp[15]_SW[15]_not_equal_100_o_cy<3> (Mcompar_sw_temp[15]_SW[15]_not_equal_100_o_cy<3>)
     MUXCY:CI->O           1   0.013   0.000  Mcompar_sw_temp[15]_SW[15]_not_equal_100_o_cy<4> (Mcompar_sw_temp[15]_SW[15]_not_equal_100_o_cy<4>)
     MUXCY:CI->O          43   0.013   0.471  Mcompar_sw_temp[15]_SW[15]_not_equal_100_o_cy<5> (sw_temp[15]_SW[15]_not_equal_100_o)
     INV:I->O             17   0.054   0.429  _n0243_inv1_cepot_cepot_INV_0 (_n0243_inv1_cepot_cepot)
     FDE:CE                    0.161          SW_OK_0
    ----------------------------------------
    Total                      2.089ns (0.563ns logic, 1.525ns route)
                                       (27.0% logic, 73.0% route)

=========================================================================
Timing constraint: Default OFFSET IN BEFORE for Clock 'M2/clk1'
  Total number of paths / destination ports: 176 / 41
-------------------------------------------------------------------------
Offset:              2.109ns (Levels of Logic = 6)
  Source:            K_COL<3> (PAD)
  Destination:       M2/Key_x_1 (FF)
  Destination Clock: M2/clk1 rising

  Data Path: K_COL<3> to M2/Key_x_1
                                Gate     Net
    Cell:in->out      fanout   Delay   Delay  Logical Name (Net Name)
    ----------------------------------------  ------------
     IBUF:I->O             6   0.000   0.550  K_COL_3_IBUF (K_COL_3_IBUF)
     begin scope: 'M2:Key_y<3>'
     LUT4:I0->O           12   0.043   0.674  out1 (n0016)
     LUT6:I0->O            3   0.043   0.362  _n0295<0>1 (_n0295<0>)
     LUT6:I5->O            1   0.043   0.350  Key_x[4]_PWR_1_o_select_74_OUT<1>1 (Key_x[4]_PWR_1_o_select_74_OUT<4>)
     LUT3:I2->O            1   0.043   0.000  Key_x_4_dpot (Key_x_4_dpot)
     FDE:D                    -0.000          Key_x_4
    ----------------------------------------
    Total                      2.109ns (0.172ns logic, 1.937ns route)
                                       (8.2% logic, 91.8% route)

=========================================================================
Timing constraint: Default OFFSET OUT AFTER for Clock 'clk_100mhz'
  Total number of paths / destination ports: 17130 / 23
-------------------------------------------------------------------------
Offset:              13.377ns (Levels of Logic = 21)
  Source:            M2/SW_OK_6 (FF)
  Destination:       SEGMENT<3> (PAD)
  Source Clock:      clk_100mhz rising

  Data Path: M2/SW_OK_6 to SEGMENT<3>
                                Gate     Net
    Cell:in->out      fanout   Delay   Delay  Logical Name (Net Name)
    ----------------------------------------  ------------
     FDE:C->Q             85   0.236   0.479  SW_OK_6 (SW_OK<6>)
     end scope: 'M2:SW_OK<6>'
     INV:I->O              2   0.317   0.608  M5/MUX1_DispData/XLXI_4/XLXI_4/XLXI_3 (M5/MUX1_DispData/XLXI_4/XLXI_4/Ns1)
     AND2:I1->O            4   0.053   0.620  M5/MUX1_DispData/XLXI_4/XLXI_4/XLXI_6 (M5/MUX1_DispData/XLXI_4/XLXI_4/LE1)
     AND2:I1->O            1   0.053   0.522  M5/MUX1_DispData/XLXI_4/XLXI_4/XLXI_18 (M5/MUX1_DispData/XLXI_4/XLXI_4/XLXN_113)
     OR4:I2->O             1   0.134   0.613  M5/MUX1_DispData/XLXI_4/XLXI_4/XLXI_27 (M5/MUX1_DispData/XLXI_4/o3<2>)
     AND2:I0->O            1   0.043   0.603  M5/MUX1_DispData/XLXI_4/XLXI_18 (M5/MUX1_DispData/XLXI_4/XLXN_79)
     OR2:I1->O            13   0.053   0.681  M5/MUX1_DispData/XLXI_4/XLXI_27 (Disp_num<30>)
     AND2:I0->O            1   0.043   0.613  M31/M2/XLXI_1/XLXI_4/XLXI_20 (M31/M2/XLXI_1/XLXI_4/XLXN_115)
     OR4:I0->O             1   0.043   0.613  M31/M2/XLXI_1/XLXI_4/XLXI_27 (M31/M2/XLXI_1/o3<2>)
     AND2:I0->O            1   0.043   0.603  M31/M2/XLXI_1/XLXI_18 (M31/M2/XLXI_1/XLXN_79)
     OR2:I1->O             1   0.053   0.339  M31/M2/XLXI_1/XLXI_27 (M31/M2/Hex<6>)
     BUF:I->O             12   0.317   0.400  M31/M2/XLXI_4 (M31/Hex<2>)
     INV:I->O              8   0.317   0.642  M31/M1/XLXI_13 (M31/M1/ND2)
     AND4:I1->O            2   0.053   0.618  M31/M1/XLXI_8 (M31/M1/XLXN_122)
     OR4:I0->O             1   0.043   0.613  M31/M1/XLXI_1 (M31/M1/XLXN_159)
     OR2:I0->O             1   0.043   0.613  M31/M1/XLXI_38 (M31/SEG_TEX<0>)
     AND2:I0->O            1   0.043   0.495  M31/M3/XLXI_1/XLXI_9 (M31/M3/XLXI_1/XLXN_102)
     OR4:I3->O             1   0.161   0.613  M31/M3/XLXI_1/XLXI_25 (M31/M3/o0<0>)
     AND2:I0->O            1   0.043   0.613  M31/M3/XLXI_5 (M31/M3/XLXN_66)
     OR2:I0->O             1   0.043   0.339  M31/M3/XLXI_21 (SEGMENT_0_OBUF)
     OBUF:I->O                 0.000          SEGMENT_0_OBUF (SEGMENT<0>)
    ----------------------------------------
    Total                     13.377ns (2.134ns logic, 11.243ns route)
                                       (16.0% logic, 84.0% route)

=========================================================================
Timing constraint: Default OFFSET OUT AFTER for Clock 'M2/clk1'
  Total number of paths / destination ports: 6 / 6
-------------------------------------------------------------------------
Offset:              0.658ns (Levels of Logic = 2)
  Source:            M2/Key_x_4 (FF)
  Destination:       K_ROW<4> (PAD)
  Source Clock:      M2/clk1 rising

  Data Path: M2/Key_x_4 to K_ROW<4>
                                Gate     Net
    Cell:in->out      fanout   Delay   Delay  Logical Name (Net Name)
    ----------------------------------------  ------------
     FDE:C->Q             16   0.236   0.422  Key_x_4 (Key_x<4>)
     end scope: 'M2:Key_x<4>'
     OBUF:I->O                 0.000          K_ROW_4_OBUF (K_ROW<4>)
    ----------------------------------------
    Total                      0.658ns (0.236ns logic, 0.422ns route)
                                       (35.8% logic, 64.2% route)

=========================================================================
Timing constraint: Default OFFSET OUT AFTER for Clock 'M4/push'
  Total number of paths / destination ports: 252 / 7
-------------------------------------------------------------------------
Offset:              11.219ns (Levels of Logic = 18)
  Source:            M4/state_0 (FF)
  Destination:       SEGMENT<6> (PAD)
  Source Clock:      M4/push rising

  Data Path: M4/state_0 to SEGMENT<6>
                                Gate     Net
    Cell:in->out      fanout   Delay   Delay  Logical Name (Net Name)
    ----------------------------------------  ------------
     FDE:C->Q             19   0.236   0.714  state_0 (state<0>)
     LUT6:I0->O            2   0.043   0.618  Mmux_blink71 (blink<6>)
     end scope: 'M4:blink<6>'
     AND2:I0->O            1   0.043   0.522  M5/MUX2_Blink/XLXI_3/XLXI_18 (M5/MUX2_Blink/XLXI_3/XLXN_113)
     OR4:I2->O             1   0.134   0.613  M5/MUX2_Blink/XLXI_3/XLXI_27 (M5/MUX2_Blink/o2<2>)
     AND2:I0->O            1   0.043   0.613  M5/MUX2_Blink/XLXI_17 (M5/MUX2_Blink/XLXN_78)
     OR2:I0->O             2   0.043   0.618  M5/MUX2_Blink/XLXI_27 (LE_out<6>)
     AND2:I0->O            1   0.043   0.603  M31/M2/XLXI_2/XLXI_4/XLXI_23 (M31/M2/XLXI_2/XLXI_4/XLXN_118)
     OR4:I1->O             1   0.053   0.613  M31/M2/XLXI_2/XLXI_4/XLXI_28 (M31/M2/XLXI_2/o3<3>)
     AND2:I0->O            1   0.043   0.603  M31/M2/XLXI_2/XLXI_20 (M31/M2/XLXI_2/XLXN_81)
     OR2:I1->O             1   0.053   0.339  M31/M2/XLXI_2/XLXI_28 (M31/M2/COM<7>)
     BUF:I->O              1   0.317   0.613  M31/M2/XLXI_7 (M31/XLXN_13)
     AND2:I0->O            7   0.043   0.637  M31/XLXI_3 (M31/XLXN_14)
     OR2:I1->O             1   0.053   0.613  M31/M1/XLXI_38 (M31/SEG_TEX<0>)
     AND2:I0->O            1   0.043   0.495  M31/M3/XLXI_1/XLXI_9 (M31/M3/XLXI_1/XLXN_102)
     OR4:I3->O             1   0.161   0.613  M31/M3/XLXI_1/XLXI_25 (M31/M3/o0<0>)
     AND2:I0->O            1   0.043   0.613  M31/M3/XLXI_5 (M31/M3/XLXN_66)
     OR2:I0->O             1   0.043   0.339  M31/M3/XLXI_21 (SEGMENT_0_OBUF)
     OBUF:I->O                 0.000          SEGMENT_0_OBUF (SEGMENT<0>)
    ----------------------------------------
    Total                     11.219ns (1.437ns logic, 9.782ns route)
                                       (12.8% logic, 87.2% route)

=========================================================================

Cross Clock Domains Report:
--------------------------

Clock to Setup on destination clock M2/clk1
---------------+---------+---------+---------+---------+
               | Src:Rise| Src:Fall| Src:Rise| Src:Fall|
Source Clock   |Dest:Rise|Dest:Rise|Dest:Fall|Dest:Fall|
---------------+---------+---------+---------+---------+
M2/clk1        |    2.152|         |         |         |
clk_100mhz     |    1.292|         |         |         |
---------------+---------+---------+---------+---------+

Clock to Setup on destination clock M4/push
---------------+---------+---------+---------+---------+
               | Src:Rise| Src:Fall| Src:Rise| Src:Fall|
Source Clock   |Dest:Rise|Dest:Rise|Dest:Fall|Dest:Fall|
---------------+---------+---------+---------+---------+
M2/clk1        |    0.818|         |         |         |
M4/push        |    1.069|         |         |         |
clk_100mhz     |    1.336|         |         |         |
---------------+---------+---------+---------+---------+

Clock to Setup on destination clock clk_100mhz
---------------+---------+---------+---------+---------+
               | Src:Rise| Src:Fall| Src:Rise| Src:Fall|
Source Clock   |Dest:Rise|Dest:Rise|Dest:Fall|Dest:Fall|
---------------+---------+---------+---------+---------+
M2/clk1        |    1.100|         |         |         |
M4/push        |    8.255|         |         |         |
clk_100mhz     |   10.352|    1.289|    0.975|         |
---------------+---------+---------+---------+---------+

=========================================================================


Total REAL time to Xst completion: 9.00 secs
Total CPU time to Xst completion: 8.71 secs
 
--> 


Total memory usage is 508780 kilobytes

Number of errors   :    0 (   0 filtered)
Number of warnings :  131 (   0 filtered)
Number of infos    :    6 (   0 filtered)

