Running: E:\Xilinx\14.7\ISE_DS\ISE\bin\nt64\unwrapped\fuse.exe -intstyle ise -incremental -lib unisims_ver -lib unimacro_ver -lib xilinxcorelib_ver -lib secureip -o E:/3150104945/Framework_ALU/ALU_isim_beh.exe -prj E:/3150104945/Framework_ALU/ALU_beh.prj work.ALU work.glbl 
ISim P.20131013 (signature 0x7708f090)
Number of CPUs detected in this system: 4
Turning on mult-threading, number of parallel sub-compilation jobs: 8 
Determining compilation order of HDL files
Analyzing Verilog file "E:/3150104945/Framework_ALU/MUX4T1_4.vf" into library work
Analyzing Verilog file "E:/3150104945/Framework_ALU/cla.vf" into library work
Analyzing Verilog file "E:/3150104945/Framework_ALU/add.vf" into library work
Analyzing Verilog file "E:/3150104945/Framework_ALU/MUX8T1_8.vf" into library work
Analyzing Verilog file "E:/3150104945/Framework_ALU/add4b.vf" into library work
Analyzing Verilog file "E:/3150104945/Framework_ALU/MUX8T1_32.vf" into library work
Analyzing Verilog file "E:/3150104945/Framework_ALU/adc32.vf" into library work
Analyzing Verilog file "E:/3150104945/Framework_ALU/../Backup/ALU.v" into library work
Analyzing Verilog file "E:/Xilinx/14.7/ISE_DS/ISE//verilog/src/glbl.v" into library work
Starting static elaboration
WARNING:HDLCompiler:189 - "E:/3150104945/Framework_ALU/../Backup/ALU.v" Line 55: Size mismatch in connection of port <I5>. Formal port size is 32-bit while actual signal size is 1-bit.
Completed static elaboration
Compiling module XOR2
Compiling module AND2
Compiling module OR2
Compiling module add_MUSER_adc32
Compiling module AND3
Compiling module AND4
Compiling module OR3
Compiling module OR4
Compiling module CLA_MUSER_adc32
Compiling module add4b_MUSER_adc32
Compiling module adc32
Compiling module INV
Compiling module MUX4T1_4_MUSER_MUX8T1_32
Compiling module MUX8T1_8_MUSER_MUX8T1_32
Compiling module MUX8T1_32
Compiling module ALU
Compiling module glbl
Time Resolution for simulation is 1ps.
Waiting for 10 sub-compilation(s) to finish...
Compiled 17 Verilog Units
Built simulation executable E:/3150104945/Framework_ALU/ALU_isim_beh.exe
Fuse Memory Usage: 26636 KB
Fuse CPU Usage: 609 ms
