Release 14.7 - xst P.20131013 (lin64)
Copyright (c) 1995-2013 Xilinx, Inc.  All rights reserved.
--> 
Parameter TMPDIR set to xst/projnav.tmp


Total REAL time to Xst completion: 0.00 secs
Total CPU time to Xst completion: 0.04 secs
 
--> 
Parameter xsthdpdir set to xst


Total REAL time to Xst completion: 0.00 secs
Total CPU time to Xst completion: 0.04 secs
 
--> 
Reading design: Hex427Seg_sch.prj

TABLE OF CONTENTS
  1) Synthesis Options Summary
  2) HDL Parsing
  3) HDL Elaboration
  4) HDL Synthesis
       4.1) HDL Synthesis Report
  5) Advanced HDL Synthesis
       5.1) Advanced HDL Synthesis Report
  6) Low Level Synthesis
  7) Partition Report
  8) Design Summary
       8.1) Primitive and Black Box Usage
       8.2) Device utilization summary
       8.3) Partition Resource Summary
       8.4) Timing Report
            8.4.1) Clock Information
            8.4.2) Asynchronous Control Signals Information
            8.4.3) Timing Summary
            8.4.4) Timing Details
            8.4.5) Cross Clock Domains Report


=========================================================================
*                      Synthesis Options Summary                        *
=========================================================================
---- Source Parameters
Input File Name                    : "Hex427Seg_sch.prj"
Ignore Synthesis Constraint File   : NO

---- Target Parameters
Output File Name                   : "Hex427Seg_sch"
Output Format                      : NGC
Target Device                      : xc7k160t-2L-ffg676

---- Source Options
Top Module Name                    : Hex427Seg_sch
Automatic FSM Extraction           : YES
FSM Encoding Algorithm             : Auto
Safe Implementation                : No
FSM Style                          : LUT
RAM Extraction                     : Yes
RAM Style                          : Auto
ROM Extraction                     : Yes
Shift Register Extraction          : YES
ROM Style                          : Auto
Resource Sharing                   : YES
Asynchronous To Synchronous        : NO
Shift Register Minimum Size        : 2
Use DSP Block                      : Auto
Automatic Register Balancing       : No

---- Target Options
LUT Combining                      : Auto
Reduce Control Sets                : Auto
Add IO Buffers                     : YES
Global Maximum Fanout              : 100000
Add Generic Clock Buffer(BUFG)     : 32
Register Duplication               : YES
Optimize Instantiated Primitives   : NO
Use Clock Enable                   : Auto
Use Synchronous Set                : Auto
Use Synchronous Reset              : Auto
Pack IO Registers into IOBs        : Auto
Equivalent register Removal        : YES

---- General Options
Optimization Goal                  : Speed
Optimization Effort                : 1
Power Reduction                    : NO
Keep Hierarchy                     : No
Netlist Hierarchy                  : As_Optimized
RTL Output                         : Yes
Global Optimization                : AllClockNets
Read Cores                         : YES
Write Timing Constraints           : NO
Cross Clock Analysis               : NO
Hierarchy Separator                : /
Bus Delimiter                      : <>
Case Specifier                     : Maintain
Slice Utilization Ratio            : 100
BRAM Utilization Ratio             : 100
DSP48 Utilization Ratio            : 100
Auto BRAM Packing                  : NO
Slice Utilization Ratio Delta      : 5

=========================================================================


=========================================================================
*                          HDL Parsing                                  *
=========================================================================
Analyzing Verilog file "/home/yzy/ise/Hex427Seg/dispsync.v" into library work
Parsing module <dispsync>.
Analyzing Verilog file "/home/yzy/ise/Hex427Seg/MC14495_ZJU.vf" into library work
Parsing module <MC14495_ZJU>.
Analyzing Verilog file "/home/yzy/ise/Hex427Seg/clkdiv.v" into library work
Parsing module <clkdiv>.
Analyzing Verilog file "/home/yzy/ise/Hex427Seg/Hex427Seg_sch.vf" into library work
Parsing module <Hex427Seg_sch>.

=========================================================================
*                            HDL Elaboration                            *
=========================================================================

Elaborating module <Hex427Seg_sch>.

Elaborating module <MC14495_ZJU>.

Elaborating module <INV>.

Elaborating module <AND4>.

Elaborating module <OR4>.

Elaborating module <AND3>.

Elaborating module <OR3>.

Elaborating module <AND2>.

Elaborating module <OR2>.

Elaborating module <clkdiv>.

Elaborating module <dispsync>.

Elaborating module <VCC>.

Elaborating module <GND>.

Elaborating module <BUF>.

=========================================================================
*                           HDL Synthesis                               *
=========================================================================

Synthesizing Unit <Hex427Seg_sch>.
    Related source file is "/home/yzy/ise/Hex427Seg/Hex427Seg_sch.vf".
    Summary:
	no macro.
Unit <Hex427Seg_sch> synthesized.

Synthesizing Unit <MC14495_ZJU>.
    Related source file is "/home/yzy/ise/Hex427Seg/MC14495_ZJU.vf".
    Summary:
	no macro.
Unit <MC14495_ZJU> synthesized.

Synthesizing Unit <clkdiv>.
    Related source file is "/home/yzy/ise/Hex427Seg/clkdiv.v".
    Found 32-bit register for signal <clkdiv>.
    Found 32-bit adder for signal <clkdiv[31]_GND_10_o_add_0_OUT> created at line 27.
    Summary:
	inferred   1 Adder/Subtractor(s).
	inferred  32 D-type flip-flop(s).
Unit <clkdiv> synthesized.

Synthesizing Unit <dispsync>.
    Related source file is "/home/yzy/ise/Hex427Seg/dispsync.v".
WARNING:Xst:647 - Input <point> is never used. This port will be preserved and left unconnected if it belongs to a top-level block or it belongs to a sub-block and the hierarchy of this sub-block is preserved.
WARNING:Xst:647 - Input <blink> is never used. This port will be preserved and left unconnected if it belongs to a top-level block or it belongs to a sub-block and the hierarchy of this sub-block is preserved.
WARNING:Xst:653 - Signal <p> is used but never assigned. This sourceless signal will be automatically connected to value GND.
WARNING:Xst:653 - Signal <LE> is used but never assigned. This sourceless signal will be automatically connected to value GND.
    Found 4x4-bit Read Only RAM for signal <AN>
    Found 4-bit 4-to-1 multiplexer for signal <Hex> created at line 30.
    Summary:
	inferred   1 RAM(s).
	inferred   1 Multiplexer(s).
Unit <dispsync> synthesized.

=========================================================================
HDL Synthesis Report

Macro Statistics
# RAMs                                                 : 1
 4x4-bit single-port Read Only RAM                     : 1
# Adders/Subtractors                                   : 1
 32-bit adder                                          : 1
# Registers                                            : 1
 32-bit register                                       : 1
# Multiplexers                                         : 1
 4-bit 4-to-1 multiplexer                              : 1

=========================================================================

=========================================================================
*                       Advanced HDL Synthesis                          *
=========================================================================


Synthesizing (advanced) Unit <clkdiv>.
The following registers are absorbed into counter <clkdiv>: 1 register on signal <clkdiv>.
Unit <clkdiv> synthesized (advanced).

Synthesizing (advanced) Unit <dispsync>.
INFO:Xst:3218 - HDL ADVISOR - The RAM <Mram_AN> will be implemented on LUTs either because you have described an asynchronous read or because of currently unsupported block RAM features. If you have described an asynchronous read, making it synchronous would allow you to take advantage of available block RAM resources, for optimized device usage and improved timings. Please refer to your documentation for coding guidelines.
    -----------------------------------------------------------------------
    | ram_type           | Distributed                         |          |
    -----------------------------------------------------------------------
    | Port A                                                              |
    |     aspect ratio   | 4-word x 4-bit                      |          |
    |     weA            | connected to signal <GND>           | high     |
    |     addrA          | connected to signal <Scan>          |          |
    |     diA            | connected to signal <GND>           |          |
    |     doA            | connected to signal <AN>            |          |
    -----------------------------------------------------------------------
Unit <dispsync> synthesized (advanced).

=========================================================================
Advanced HDL Synthesis Report

Macro Statistics
# RAMs                                                 : 1
 4x4-bit single-port distributed Read Only RAM         : 1
# Counters                                             : 1
 32-bit up counter                                     : 1
# Multiplexers                                         : 1
 4-bit 4-to-1 multiplexer                              : 1

=========================================================================

=========================================================================
*                         Low Level Synthesis                           *
=========================================================================
WARNING:Xst:2677 - Node <XLXI_2/clkdiv_9> of sequential type is unconnected in block <Hex427Seg_sch>.
WARNING:Xst:2677 - Node <XLXI_2/clkdiv_10> of sequential type is unconnected in block <Hex427Seg_sch>.
WARNING:Xst:2677 - Node <XLXI_2/clkdiv_11> of sequential type is unconnected in block <Hex427Seg_sch>.
WARNING:Xst:2677 - Node <XLXI_2/clkdiv_12> of sequential type is unconnected in block <Hex427Seg_sch>.
WARNING:Xst:2677 - Node <XLXI_2/clkdiv_13> of sequential type is unconnected in block <Hex427Seg_sch>.
WARNING:Xst:2677 - Node <XLXI_2/clkdiv_14> of sequential type is unconnected in block <Hex427Seg_sch>.
WARNING:Xst:2677 - Node <XLXI_2/clkdiv_15> of sequential type is unconnected in block <Hex427Seg_sch>.
WARNING:Xst:2677 - Node <XLXI_2/clkdiv_16> of sequential type is unconnected in block <Hex427Seg_sch>.
WARNING:Xst:2677 - Node <XLXI_2/clkdiv_17> of sequential type is unconnected in block <Hex427Seg_sch>.
WARNING:Xst:2677 - Node <XLXI_2/clkdiv_18> of sequential type is unconnected in block <Hex427Seg_sch>.
WARNING:Xst:2677 - Node <XLXI_2/clkdiv_19> of sequential type is unconnected in block <Hex427Seg_sch>.
WARNING:Xst:2677 - Node <XLXI_2/clkdiv_20> of sequential type is unconnected in block <Hex427Seg_sch>.
WARNING:Xst:2677 - Node <XLXI_2/clkdiv_21> of sequential type is unconnected in block <Hex427Seg_sch>.
WARNING:Xst:2677 - Node <XLXI_2/clkdiv_22> of sequential type is unconnected in block <Hex427Seg_sch>.
WARNING:Xst:2677 - Node <XLXI_2/clkdiv_23> of sequential type is unconnected in block <Hex427Seg_sch>.
WARNING:Xst:2677 - Node <XLXI_2/clkdiv_24> of sequential type is unconnected in block <Hex427Seg_sch>.
WARNING:Xst:2677 - Node <XLXI_2/clkdiv_25> of sequential type is unconnected in block <Hex427Seg_sch>.
WARNING:Xst:2677 - Node <XLXI_2/clkdiv_26> of sequential type is unconnected in block <Hex427Seg_sch>.
WARNING:Xst:2677 - Node <XLXI_2/clkdiv_27> of sequential type is unconnected in block <Hex427Seg_sch>.
WARNING:Xst:2677 - Node <XLXI_2/clkdiv_28> of sequential type is unconnected in block <Hex427Seg_sch>.
WARNING:Xst:2677 - Node <XLXI_2/clkdiv_29> of sequential type is unconnected in block <Hex427Seg_sch>.
WARNING:Xst:2677 - Node <XLXI_2/clkdiv_30> of sequential type is unconnected in block <Hex427Seg_sch>.
WARNING:Xst:2677 - Node <XLXI_2/clkdiv_31> of sequential type is unconnected in block <Hex427Seg_sch>.

Optimizing unit <MC14495_ZJU> ...

Optimizing unit <Hex427Seg_sch> ...

Mapping all equations...
Building and optimizing final netlist ...
Found area constraint ratio of 100 (+ 5) on block Hex427Seg_sch, actual ratio is 0.

Final Macro Processing ...

=========================================================================
Final Register Report

Macro Statistics
# Registers                                            : 9
 Flip-Flops                                            : 9

=========================================================================

=========================================================================
*                           Partition Report                            *
=========================================================================

Partition Implementation Status
-------------------------------

  No Partitions were found in this design.

-------------------------------

=========================================================================
*                            Design Summary                             *
=========================================================================

Top Level Output File Name         : Hex427Seg_sch.ngc

Primitive and Black Box Usage:
------------------------------
# BELS                             : 81
#      AND2                        : 1
#      AND3                        : 12
#      AND4                        : 12
#      BUF                         : 1
#      GND                         : 1
#      INV                         : 8
#      LUT1                        : 8
#      LUT2                        : 6
#      MUXCY                       : 8
#      OR2                         : 7
#      OR3                         : 3
#      OR4                         : 4
#      VCC                         : 1
#      XORCY                       : 9
# FlipFlops/Latches                : 9
#      FDC                         : 9
# Clock Buffers                    : 1
#      BUFGP                       : 1
# IO Buffers                       : 14
#      IBUF                        : 1
#      OBUF                        : 13

Device utilization summary:
---------------------------

Selected Device : 7k160tffg676-2l 


Slice Logic Utilization: 
 Number of Slice Registers:               9  out of  202800     0%  
 Number of Slice LUTs:                   22  out of  101400     0%  
    Number used as Logic:                22  out of  101400     0%  

Slice Logic Distribution: 
 Number of LUT Flip Flop pairs used:     22
   Number with an unused Flip Flop:      13  out of     22    59%  
   Number with an unused LUT:             0  out of     22     0%  
   Number of fully used LUT-FF pairs:     9  out of     22    40%  
   Number of unique control sets:         1

IO Utilization: 
 Number of IOs:                          23
 Number of bonded IOBs:                  15  out of    400     3%  

Specific Feature Utilization:
 Number of BUFG/BUFGCTRLs:                1  out of     32     3%  

---------------------------
Partition Resource Summary:
---------------------------

  No Partitions were found in this design.

---------------------------


=========================================================================
Timing Report

NOTE: THESE TIMING NUMBERS ARE ONLY A SYNTHESIS ESTIMATE.
      FOR ACCURATE TIMING INFORMATION PLEASE REFER TO THE TRACE REPORT
      GENERATED AFTER PLACE-and-ROUTE.

Clock Information:
------------------
-----------------------------------+------------------------+-------+
Clock Signal                       | Clock buffer(FF name)  | Load  |
-----------------------------------+------------------------+-------+
clk_100mhz                         | BUFGP                  | 9     |
-----------------------------------+------------------------+-------+

Asynchronous Control Signals Information:
----------------------------------------
No asynchronous control signals found in this design

Timing Summary:
---------------
Speed Grade: -2

   Minimum period: 1.224ns (Maximum Frequency: 817.227MHz)
   Minimum input arrival time before clock: 1.304ns
   Maximum output required time after clock: 3.810ns
   Maximum combinational path delay: No path found

Timing Details:
---------------
All values displayed in nanoseconds (ns)

=========================================================================
Timing constraint: Default period analysis for Clock 'clk_100mhz'
  Clock period: 1.224ns (frequency: 817.227MHz)
  Total number of paths / destination ports: 45 / 9
-------------------------------------------------------------------------
Delay:               1.224ns (Levels of Logic = 10)
  Source:            XLXI_2/clkdiv_0 (FF)
  Destination:       XLXI_2/clkdiv_8 (FF)
  Source Clock:      clk_100mhz rising
  Destination Clock: clk_100mhz rising

  Data Path: XLXI_2/clkdiv_0 to XLXI_2/clkdiv_8
                                Gate     Net
    Cell:in->out      fanout   Delay   Delay  Logical Name (Net Name)
    ----------------------------------------  ------------
     FDC:C->Q              1   0.236   0.339  XLXI_2/clkdiv_0 (XLXI_2/clkdiv_0)
     INV:I->O              1   0.054   0.000  XLXI_2/Mcount_clkdiv_lut<0>_INV_0 (XLXI_2/Mcount_clkdiv_lut<0>)
     MUXCY:S->O            1   0.238   0.000  XLXI_2/Mcount_clkdiv_cy<0> (XLXI_2/Mcount_clkdiv_cy<0>)
     MUXCY:CI->O           1   0.014   0.000  XLXI_2/Mcount_clkdiv_cy<1> (XLXI_2/Mcount_clkdiv_cy<1>)
     MUXCY:CI->O           1   0.014   0.000  XLXI_2/Mcount_clkdiv_cy<2> (XLXI_2/Mcount_clkdiv_cy<2>)
     MUXCY:CI->O           1   0.014   0.000  XLXI_2/Mcount_clkdiv_cy<3> (XLXI_2/Mcount_clkdiv_cy<3>)
     MUXCY:CI->O           1   0.014   0.000  XLXI_2/Mcount_clkdiv_cy<4> (XLXI_2/Mcount_clkdiv_cy<4>)
     MUXCY:CI->O           1   0.014   0.000  XLXI_2/Mcount_clkdiv_cy<5> (XLXI_2/Mcount_clkdiv_cy<5>)
     MUXCY:CI->O           1   0.014   0.000  XLXI_2/Mcount_clkdiv_cy<6> (XLXI_2/Mcount_clkdiv_cy<6>)
     MUXCY:CI->O           0   0.014   0.000  XLXI_2/Mcount_clkdiv_cy<7> (XLXI_2/Mcount_clkdiv_cy<7>)
     XORCY:CI->O           1   0.262   0.000  XLXI_2/Mcount_clkdiv_xor<8> (Result<8>)
     FDC:D                    -0.000          XLXI_2/clkdiv_8
    ----------------------------------------
    Total                      1.224ns (0.884ns logic, 0.339ns route)
                                       (72.3% logic, 27.7% route)

=========================================================================
Timing constraint: Default OFFSET IN BEFORE for Clock 'clk_100mhz'
  Total number of paths / destination ports: 9 / 9
-------------------------------------------------------------------------
Offset:              1.304ns (Levels of Logic = 2)
  Source:            RSTN (PAD)
  Destination:       XLXI_2/clkdiv_0 (FF)
  Destination Clock: clk_100mhz rising

  Data Path: RSTN to XLXI_2/clkdiv_0
                                Gate     Net
    Cell:in->out      fanout   Delay   Delay  Logical Name (Net Name)
    ----------------------------------------  ------------
     IBUF:I->O             1   0.000   0.339  RSTN_IBUF (RSTN_IBUF)
     INV:I->O              9   0.317   0.384  XLXI_4 (XLXN_3)
     FDC:CLR                   0.264          XLXI_2/clkdiv_0
    ----------------------------------------
    Total                      1.304ns (0.581ns logic, 0.723ns route)
                                       (44.5% logic, 55.5% route)

=========================================================================
Timing constraint: Default OFFSET OUT AFTER for Clock 'clk_100mhz'
  Total number of paths / destination ports: 115 / 11
-------------------------------------------------------------------------
Offset:              3.810ns (Levels of Logic = 6)
  Source:            XLXI_2/clkdiv_7 (FF)
  Destination:       SEGMENT<6> (PAD)
  Source Clock:      clk_100mhz rising

  Data Path: XLXI_2/clkdiv_7 to SEGMENT<6>
                                Gate     Net
    Cell:in->out      fanout   Delay   Delay  Logical Name (Net Name)
    ----------------------------------------  ------------
     FDC:C->Q              8   0.236   0.444  XLXI_2/clkdiv_7 (XLXI_2/clkdiv_7)
     LUT2:I0->O           15   0.043   0.417  XLXI_3/Mmux_Hex31 (Hex<2>)
     INV:I->O              9   0.317   0.648  XLXI_1/XLXI_2 (XLXI_1/XLXN_23)
     AND4:I1->O            1   0.053   0.613  XLXI_1/XLXI_5 (XLXI_1/XLXN_6)
     OR4:I0->O             1   0.043   0.603  XLXI_1/XLXI_9 (XLXI_1/XLXN_50)
     OR2:I1->O             1   0.053   0.339  XLXI_1/XLXI_72 (SEGMENT_0_OBUF)
     OBUF:I->O                 0.000          SEGMENT_0_OBUF (SEGMENT<0>)
    ----------------------------------------
    Total                      3.810ns (0.745ns logic, 3.065ns route)
                                       (19.6% logic, 80.4% route)

=========================================================================

Cross Clock Domains Report:
--------------------------

Clock to Setup on destination clock clk_100mhz
---------------+---------+---------+---------+---------+
               | Src:Rise| Src:Fall| Src:Rise| Src:Fall|
Source Clock   |Dest:Rise|Dest:Rise|Dest:Fall|Dest:Fall|
---------------+---------+---------+---------+---------+
clk_100mhz     |    1.224|         |         |         |
---------------+---------+---------+---------+---------+

=========================================================================


Total REAL time to Xst completion: 8.00 secs
Total CPU time to Xst completion: 6.43 secs
 
--> 


Total memory usage is 501880 kilobytes

Number of errors   :    0 (   0 filtered)
Number of warnings :   27 (   0 filtered)
Number of infos    :    1 (   0 filtered)

